# JRE version: OpenJDK Runtime Environment (8.0_242) (build 1.8.0_242-release-1644-b3-6222593)
# Java VM: OpenJDK 64-Bit Server VM (25.242-b3-6222593 mixed mode linux-amd64 compressed oops)
Heap:
 PSYoungGen      total 203264K, used 12777K [0x00000000d5580000, 0x00000000e2e80000, 0x0000000100000000)
  eden space 190464K, 0% used [0x00000000d5580000,0x00000000d5580000,0x00000000e0f80000)
  from space 12800K, 99% used [0x00000000e0f80000,0x00000000e1bfa430,0x00000000e1c00000)
  to   space 13312K, 0% used [0x00000000e1c00000,0x00000000e1c00000,0x00000000e2900000)
 ParOldGen       total 57344K, used 17991K [0x0000000080000000, 0x0000000083800000, 0x00000000d5580000)
  object space 57344K, 31% used [0x0000000080000000,0x0000000081191c80,0x0000000083800000)
 Metaspace       used 45414K, capacity 47484K, committed 47616K, reserved 1089536K
  class space    used 6139K, capacity 6576K, committed 6656K, reserved 1048576K
GC Heap History (10 events):
Event: 5,969 GC heap after
Heap after GC invocations=6 (full 0):
 PSYoungGen      total 132608K, used 6732K [0x00000000d5580000, 0x00000000de080000, 0x0000000100000000)
  eden space 122880K, 0% used [0x00000000d5580000,0x00000000d5580000,0x00000000dcd80000)
  from space 9728K, 69% used [0x00000000dd700000,0x00000000ddd93030,0x00000000de080000)
  to   space 9728K, 0% used [0x00000000dcd80000,0x00000000dcd80000,0x00000000dd700000)
 ParOldGen       total 40960K, used 11633K [0x0000000080000000, 0x0000000082800000, 0x00000000d5580000)
  object space 40960K, 28% used [0x0000000080000000,0x0000000080b5c568,0x0000000082800000)
 Metaspace       used 20472K, capacity 21232K, committed 21296K, reserved 1067008K
  class space    used 2855K, capacity 3054K, committed 3072K, reserved 1048576K
}
Event: 5,969 GC heap before
{Heap before GC invocations=7 (full 1):
 PSYoungGen      total 132608K, used 6732K [0x00000000d5580000, 0x00000000de080000, 0x0000000100000000)
  eden space 122880K, 0% used [0x00000000d5580000,0x00000000d5580000,0x00000000dcd80000)
  from space 9728K, 69% used [0x00000000dd700000,0x00000000ddd93030,0x00000000de080000)
  to   space 9728K, 0% used [0x00000000dcd80000,0x00000000dcd80000,0x00000000dd700000)
 ParOldGen       total 40960K, used 11633K [0x0000000080000000, 0x0000000082800000, 0x00000000d5580000)
  object space 40960K, 28% used [0x0000000080000000,0x0000000080b5c568,0x0000000082800000)
 Metaspace       used 20472K, capacity 21232K, committed 21296K, reserved 1067008K
  class space    used 2855K, capacity 3054K, committed 3072K, reserved 1048576K
Event: 6,029 GC heap after
Heap after GC invocations=7 (full 1):
 PSYoungGen      total 132608K, used 0K [0x00000000d5580000, 0x00000000de080000, 0x0000000100000000)
  eden space 122880K, 0% used [0x00000000d5580000,0x00000000d5580000,0x00000000dcd80000)
  from space 9728K, 0% used [0x00000000dd700000,0x00000000dd700000,0x00000000de080000)
  to   space 9728K, 0% used [0x00000000dcd80000,0x00000000dcd80000,0x00000000dd700000)
 ParOldGen       total 45056K, used 15875K [0x0000000080000000, 0x0000000082c00000, 0x00000000d5580000)
  object space 45056K, 35% used [0x0000000080000000,0x0000000080f80e28,0x0000000082c00000)
 Metaspace       used 20472K, capacity 21232K, committed 21296K, reserved 1067008K
  class space    used 2855K, capacity 3054K, committed 3072K, reserved 1048576K
}
Event: 7,845 GC heap before
{Heap before GC invocations=8 (full 1):
 PSYoungGen      total 132608K, used 122880K [0x00000000d5580000, 0x00000000de080000, 0x0000000100000000)
  eden space 122880K, 100% used [0x00000000d5580000,0x00000000dcd80000,0x00000000dcd80000)
  from space 9728K, 0% used [0x00000000dd700000,0x00000000dd700000,0x00000000de080000)
  to   space 9728K, 0% used [0x00000000dcd80000,0x00000000dcd80000,0x00000000dd700000)
 ParOldGen       total 45056K, used 15875K [0x0000000080000000, 0x0000000082c00000, 0x00000000d5580000)
  object space 45056K, 35% used [0x0000000080000000,0x0000000080f80e28,0x0000000082c00000)
 Metaspace       used 32701K, capacity 33828K, committed 33920K, reserved 1079296K
  class space    used 4409K, capacity 4679K, committed 4736K, reserved 1048576K
Event: 7,870 GC heap after
Heap after GC invocations=8 (full 1):
 PSYoungGen      total 132608K, used 9705K [0x00000000d5580000, 0x00000000e2900000, 0x0000000100000000)
  eden space 122880K, 0% used [0x00000000d5580000,0x00000000d5580000,0x00000000dcd80000)
  from space 9728K, 99% used [0x00000000dcd80000,0x00000000dd6fa428,0x00000000dd700000)
  to   space 13312K, 0% used [0x00000000e1c00000,0x00000000e1c00000,0x00000000e2900000)
 ParOldGen       total 45056K, used 18755K [0x0000000080000000, 0x0000000082c00000, 0x00000000d5580000)
  object space 45056K, 41% used [0x0000000080000000,0x0000000081250e88,0x0000000082c00000)
 Metaspace       used 32701K, capacity 33828K, committed 33920K, reserved 1079296K
  class space    used 4409K, capacity 4679K, committed 4736K, reserved 1048576K
}
Event: 8,489 GC heap before
{Heap before GC invocations=9 (full 1):
 PSYoungGen      total 132608K, used 46718K [0x00000000d5580000, 0x00000000e2900000, 0x0000000100000000)
  eden space 122880K, 30% used [0x00000000d5580000,0x00000000d79a57d0,0x00000000dcd80000)
  from space 9728K, 99% used [0x00000000dcd80000,0x00000000dd6fa428,0x00000000dd700000)
  to   space 13312K, 0% used [0x00000000e1c00000,0x00000000e1c00000,0x00000000e2900000)
 ParOldGen       total 45056K, used 18755K [0x0000000080000000, 0x0000000082c00000, 0x00000000d5580000)
  object space 45056K, 41% used [0x0000000080000000,0x0000000081250e88,0x0000000082c00000)
 Metaspace       used 34034K, capacity 35366K, committed 35456K, reserved 1079296K
  class space    used 4597K, capacity 4944K, committed 4992K, reserved 1048576K
Event: 8,505 GC heap after
Heap after GC invocations=9 (full 1):
 PSYoungGen      total 203776K, used 7654K [0x00000000d5580000, 0x00000000e2e80000, 0x0000000100000000)
  eden space 190464K, 0% used [0x00000000d5580000,0x00000000d5580000,0x00000000e0f80000)
  from space 13312K, 57% used [0x00000000e1c00000,0x00000000e2379990,0x00000000e2900000)
  to   space 12800K, 0% used [0x00000000e0f80000,0x00000000e0f80000,0x00000000e1c00000)
 ParOldGen       total 45056K, used 18763K [0x0000000080000000, 0x0000000082c00000, 0x00000000d5580000)
  object space 45056K, 41% used [0x0000000080000000,0x0000000081252e88,0x0000000082c00000)
 Metaspace       used 34034K, capacity 35366K, committed 35456K, reserved 1079296K
  class space    used 4597K, capacity 4944K, committed 4992K, reserved 1048576K
}
Event: 8,505 GC heap before
{Heap before GC invocations=10 (full 2):
 PSYoungGen      total 203776K, used 7654K [0x00000000d5580000, 0x00000000e2e80000, 0x0000000100000000)
  eden space 190464K, 0% used [0x00000000d5580000,0x00000000d5580000,0x00000000e0f80000)
  from space 13312K, 57% used [0x00000000e1c00000,0x00000000e2379990,0x00000000e2900000)
  to   space 12800K, 0% used [0x00000000e0f80000,0x00000000e0f80000,0x00000000e1c00000)
 ParOldGen       total 45056K, used 18763K [0x0000000080000000, 0x0000000082c00000, 0x00000000d5580000)
  object space 45056K, 41% used [0x0000000080000000,0x0000000081252e88,0x0000000082c00000)
 Metaspace       used 34034K, capacity 35366K, committed 35456K, reserved 1079296K
  class space    used 4597K, capacity 4944K, committed 4992K, reserved 1048576K
Event: 8,591 GC heap after
Heap after GC invocations=10 (full 2):
 PSYoungGen      total 203776K, used 0K [0x00000000d5580000, 0x00000000e2e80000, 0x0000000100000000)
  eden space 190464K, 0% used [0x00000000d5580000,0x00000000d5580000,0x00000000e0f80000)
  from space 13312K, 0% used [0x00000000e1c00000,0x00000000e1c00000,0x00000000e2900000)
  to   space 12800K, 0% used [0x00000000e0f80000,0x00000000e0f80000,0x00000000e1c00000)
 ParOldGen       total 57344K, used 14486K [0x0000000080000000, 0x0000000083800000, 0x00000000d5580000)
  object space 57344K, 25% used [0x0000000080000000,0x0000000080e25aa0,0x0000000083800000)
 Metaspace       used 34034K, capacity 35366K, committed 35456K, reserved 1079296K
  class space    used 4597K, capacity 4944K, committed 4992K, reserved 1048576K
}
Event: 12,169 GC heap before
{Heap before GC invocations=11 (full 2):
 PSYoungGen      total 203776K, used 190464K [0x00000000d5580000, 0x00000000e2e80000, 0x0000000100000000)
  eden space 190464K, 100% used [0x00000000d5580000,0x00000000e0f80000,0x00000000e0f80000)
  from space 13312K, 0% used [0x00000000e1c00000,0x00000000e1c00000,0x00000000e2900000)
  to   space 12800K, 0% used [0x00000000e0f80000,0x00000000e0f80000,0x00000000e1c00000)
 ParOldGen       total 57344K, used 14486K [0x0000000080000000, 0x0000000083800000, 0x00000000d5580000)
  object space 57344K, 25% used [0x0000000080000000,0x0000000080e25aa0,0x0000000083800000)
 Metaspace       used 45414K, capacity 47484K, committed 47616K, reserved 1089536K
  class space    used 6139K, capacity 6576K, committed 6656K, reserved 1048576K

